
/home/runner/work/exp-orifice-tank-iitb/exp-orifice-tank-iitb/experiment/simulation/common_libraries/js/ts_components/collapse_step.js
   1:10  warning  'show_step' is defined but never used                 no-unused-vars
   2:5   warning  '$' is not defined                                    no-undef
   3:9   warning  '$' is not defined                                    no-undef
   6:10  warning  'hide_step' is defined but never used                 no-unused-vars
   7:5   warning  '$' is not defined                                    no-undef
   8:9   warning  '$' is not defined                                    no-undef
  11:10  warning  'get_collapse_btn_text' is defined but never used     no-unused-vars
  20:10  warning  'get_collapse_btn_element' is defined but never used  no-unused-vars
  29:10  warning  'hide_all_steps' is defined but never used            no-unused-vars
  31:9   warning  '$' is not defined                                    no-undef

/home/runner/work/exp-orifice-tank-iitb/exp-orifice-tank-iitb/experiment/simulation/common_libraries/js/ts_components/matrix.js
   27:26  warning  'MathJax' is not defined                                no-undef
   32:7   warning  'Matrix_Without_String' is defined but never used       no-unused-vars
   52:26  warning  'MathJax' is not defined                                no-undef
   56:10  warning  'get_matrix_html' is defined but never used             no-unused-vars
   87:13  warning  'row_html' is assigned a value but never used           no-unused-vars
   99:10  warning  'get_matrix_html_with_title' is defined but never used  no-unused-vars
  131:13  warning  'row_html' is assigned a value but never used           no-unused-vars
  143:10  warning  'convert_2d_to_1d_vector' is defined but never used     no-unused-vars
  156:10  warning  'convert_1d_to_2d_matrix' is defined but never used     no-unused-vars

/home/runner/work/exp-orifice-tank-iitb/exp-orifice-tank-iitb/experiment/simulation/common_libraries/js/ts_components/pannel.js
  8:7  warning  'Pannel' is defined but never used  no-unused-vars

/home/runner/work/exp-orifice-tank-iitb/exp-orifice-tank-iitb/experiment/simulation/common_libraries/js/ts_components/questions.js
   6:17  warning  'op1' is assigned a value but never used      no-unused-vars
   7:17  warning  'op2' is assigned a value but never used      no-unused-vars
   8:17  warning  'op3' is assigned a value but never used      no-unused-vars
   9:17  warning  'op4' is assigned a value but never used      no-unused-vars
  94:7   warning  'Question_Options' is defined but never used  no-unused-vars

/home/runner/work/exp-orifice-tank-iitb/exp-orifice-tank-iitb/experiment/simulation/common_libraries/js/ts_components/tables.js
   19:22  warning  'verify_values' is not defined                                     no-undef
  137:22  warning  'verify_values' is not defined                                     no-undef
  260:7   warning  'Verify_Rows_Cols_6_decimal_places' is defined but never used      no-unused-vars
  311:22  warning  'verify_values' is not defined                                     no-undef
  416:7   warning  'Verify_Rows_Cols_Custom_Fixed_Update1' is defined but never used  no-unused-vars
  468:7   warning  'Show_Table_Custom_Fixed' is defined but never used                no-unused-vars
  506:7   warning  'Verify_Rows_Cols_Strings' is defined but never used               no-unused-vars
  527:22  warning  'verify_values' is not defined                                     no-undef
  663:7   warning  'Display_Table' is defined but never used                          no-unused-vars

/home/runner/work/exp-orifice-tank-iitb/exp-orifice-tank-iitb/experiment/simulation/common_libraries/js/ts_math_library/general_math_functions.js
    1:10  warning  'verify_values' is defined but never used                   no-unused-vars
   17:10  warning  'random1' is defined but never used                         no-unused-vars
   21:10  warning  'std_deviation' is defined but never used                   no-unused-vars
   26:10  warning  'gauss' is defined but never used                           no-unused-vars
   56:10  warning  'hide_panel' is defined but never used                      no-unused-vars
   63:10  warning  'inverse_matrix' is defined but never used                  no-unused-vars
   96:10  warning  'matrix_multiplication' is defined but never used           no-unused-vars
  113:10  warning  'transpose_matrix' is defined but never used                no-unused-vars
  123:10  warning  'matrix_multiplication_8decimal' is defined but never used  no-unused-vars
  140:10  warning  'adjoint_2x2_matrix' is defined but never used              no-unused-vars
  145:10  warning  'find_deteminant' is defined but never used                 no-unused-vars
  174:10  warning  'get_Submatrix' is defined but never used                   no-unused-vars

/home/runner/work/exp-orifice-tank-iitb/exp-orifice-tank-iitb/experiment/simulation/common_libraries/js/ts_math_library/regression.js
   1:10  warning  'regression_linear' is defined but never used            no-unused-vars
  18:10  warning  'regression_linear_1variable' is defined but never used  no-unused-vars
  27:10  warning  'regression_linear_2variable' is defined but never used  no-unused-vars
  52:11  warning  'gauss' is not defined                                   no-undef

/home/runner/work/exp-orifice-tank-iitb/exp-orifice-tank-iitb/experiment/simulation/common_libraries/math.ob.js
  1:745  warning  'b' is already defined  no-redeclare

/home/runner/work/exp-orifice-tank-iitb/exp-orifice-tank-iitb/experiment/simulation/js/activity1.js
   19:24   warning  'MathJax' is not defined                  no-undef
   22:10   warning  'start_act1' is defined but never used    no-unused-vars
   27:20   warning  'get_collapse_btn_text' is not defined    no-undef
   32:44   warning  'D' is not defined                        no-undef
   32:82   warning  'H1' is not defined                       no-undef
   32:139  warning  'd' is not defined                        no-undef
   33:31   warning  'H1' is not defined                       no-undef
   33:41   warning  'H2' is not defined                       no-undef
   35:36   warning  'cd' is not defined                       no-undef
   62:96   warning  'H1' is not defined                       no-undef
   62:138  warning  'H2' is not defined                       no-undef
   70:96   warning  'H1' is not defined                       no-undef
   83:5    warning  'hide_all_steps' is not defined           no-undef
   84:24   warning  'show_step' is not defined                no-undef
   85:24   warning  'MathJax' is not defined                  no-undef
   89:5    warning  'A' is not defined                        no-undef
   89:35   warning  'D' is not defined                        no-undef
   90:5    warning  'a' is not defined                        no-undef
   90:35   warning  'd' is not defined                        no-undef
   91:5    warning  'T1' is not defined                       no-undef
   91:15   warning  'A' is not defined                        no-undef
   91:21   warning  'cd' is not defined                       no-undef
   91:26   warning  'a' is not defined                        no-undef
   91:45   warning  'g' is not defined                        no-undef
   91:63   warning  'H1' is not defined                       no-undef
   91:79   warning  'H2' is not defined                       no-undef
   92:5    warning  'T2' is not defined                       no-undef
   92:15   warning  'A' is not defined                        no-undef
   92:21   warning  'cd' is not defined                       no-undef
   92:26   warning  'a' is not defined                        no-undef
   92:45   warning  'g' is not defined                        no-undef
   92:62   warning  'H1' is not defined                       no-undef
   94:10   warning  'verify0' is defined but never used       no-unused-vars
   97:25   warning  'A' is not defined                        no-undef
   98:25   warning  'a' is not defined                        no-undef
  103:10   warning  'verify_values' is not defined            no-undef
  103:82   warning  'A' is not defined                        no-undef
  107:10   warning  'verify_values' is not defined            no-undef
  107:82   warning  'a' is not defined                        no-undef
  113:25   warning  'A' is not defined                        no-undef
  115:25   warning  'a' is not defined                        no-undef
  121:10   warning  'verify1' is defined but never used       no-unused-vars
  123:9    warning  'div' is assigned a value but never used  no-unused-vars
  124:26   warning  'T1' is not defined                       no-undef
  125:26   warning  'T2' is not defined                       no-undef
  130:10   warning  'verify_values' is not defined            no-undef
  130:82   warning  'T1' is not defined                       no-undef
  134:10   warning  'verify_values' is not defined            no-undef
  134:82   warning  'T2' is not defined                       no-undef
  140:25   warning  'T1' is not defined                       no-undef
  142:25   warning  'T2' is not defined                       no-undef
  146:5    warning  'activity2' is not defined                no-undef

/home/runner/work/exp-orifice-tank-iitb/exp-orifice-tank-iitb/experiment/simulation/js/activity2.js
    1:10   warning  'activity2' is defined but never used   no-unused-vars
   16:5    warning  'maindiv' is not defined                no-undef
   17:24   warning  'MathJax' is not defined                no-undef
   19:10   warning  'start_act2' is defined but never used  no-unused-vars
   24:20   warning  'get_collapse_btn_text' is not defined  no-undef
   29:49   warning  'act2_D' is not defined                 no-undef
   29:92   warning  'act2_H1' is not defined                no-undef
   29:154  warning  'act2_d' is not defined                 no-undef
   30:31   warning  'act2_H1' is not defined                no-undef
   30:46   warning  'act2_H2' is not defined                no-undef
   32:36   warning  'act2_cd' is not defined                no-undef
   58:96   warning  'act2_H1' is not defined                no-undef
   58:143  warning  'act2_H2' is not defined                no-undef
   66:96   warning  'act2_H1' is not defined                no-undef
   79:5    warning  'maindiv' is not defined                no-undef
   81:24   warning  'show_step' is not defined              no-undef
   82:24   warning  'MathJax' is not defined                no-undef
   85:5    warning  'R' is not defined                      no-undef
   85:9    warning  'act2_D' is not defined                 no-undef
   86:5    warning  'act2_a' is not defined                 no-undef
   86:41   warning  'act2_d' is not defined                 no-undef
   87:5    warning  'act2_T1' is not defined                no-undef
   87:29   warning  'act2_cd' is not defined                no-undef
   87:39   warning  'act2_a' is not defined                 no-undef
   87:63   warning  'g' is not defined                      no-undef
   87:82   warning  'R' is not defined                      no-undef
   87:97   warning  'act2_H1' is not defined                no-undef
   87:128  warning  'act2_H2' is not defined                no-undef
   87:171  warning  'act2_H1' is not defined                no-undef
   87:202  warning  'act2_H2' is not defined                no-undef
   88:5    warning  'act2_T2' is not defined                no-undef
   88:29   warning  'act2_cd' is not defined                no-undef
   88:39   warning  'act2_a' is not defined                 no-undef
   88:63   warning  'g' is not defined                      no-undef
   88:82   warning  'R' is not defined                      no-undef
   88:97   warning  'act2_H1' is not defined                no-undef
   88:140  warning  'act2_H1' is not defined                no-undef
   90:10   warning  'verify2' is defined but never used     no-unused-vars
   93:25   warning  'R' is not defined                      no-undef
   94:30   warning  'act2_a' is not defined                 no-undef
   99:10   warning  'verify_values' is not defined          no-undef
   99:82   warning  'R' is not defined                      no-undef
  103:10   warning  'verify_values' is not defined          no-undef
  103:82   warning  'act2_a' is not defined                 no-undef
  109:25   warning  'R' is not defined                      no-undef
  111:25   warning  'act2_a' is not defined                 no-undef
  116:10   warning  'verify3' is defined but never used     no-unused-vars
  118:31   warning  'act2_T1' is not defined                no-undef
  119:31   warning  'act2_T2' is not defined                no-undef
  124:10   warning  'verify_values' is not defined          no-undef
  124:82   warning  'act2_T1' is not defined                no-undef
  128:10   warning  'verify_values' is not defined          no-undef
  128:82   warning  'act2_T2' is not defined                no-undef
  134:25   warning  'act2_T1' is not defined                no-undef
  136:25   warning  'act2_T2' is not defined                no-undef
  139:5    warning  'activity3' is not defined              no-undef

/home/runner/work/exp-orifice-tank-iitb/exp-orifice-tank-iitb/experiment/simulation/js/activity3.js
    1:10   warning  'activity3' is defined but never used   no-unused-vars
   16:5    warning  'maindiv' is not defined                no-undef
   17:24   warning  'MathJax' is not defined                no-undef
   19:10   warning  'start_act3' is defined but never used  no-unused-vars
   24:20   warning  'get_collapse_btn_text' is not defined  no-undef
   31:39   warning  'act3_d' is not defined                 no-undef
   31:102  warning  'act3_L' is not defined                 no-undef
   31:129  warning  'act3_D' is not defined                 no-undef
   32:36   warning  'act3_cd' is not defined                no-undef
   65:118  warning  'act3_L' is not defined                 no-undef
   76:5    warning  'maindiv' is not defined                no-undef
   78:24   warning  'show_step' is not defined              no-undef
   79:24   warning  'MathJax' is not defined                no-undef
   82:5    warning  'act3_a' is not defined                 no-undef
   82:41   warning  'act3_d' is not defined                 no-undef
   83:5    warning  'act3_R' is not defined                 no-undef
   83:14   warning  'act3_D' is not defined                 no-undef
   84:5    warning  'act3_H1' is not defined                no-undef
   84:15   warning  'act3_D' is not defined                 no-undef
   86:5    warning  'act3_T1' is not defined                no-undef
   86:26   warning  'act3_L' is not defined                 no-undef
   86:36   warning  'act3_cd' is not defined                no-undef
   86:46   warning  'act3_a' is not defined                 no-undef
   86:70   warning  'g' is not defined                      no-undef
   86:94   warning  'act3_R' is not defined                 no-undef
   86:131  warning  'act3_R' is not defined                 no-undef
   86:141  warning  'act3_H1' is not defined                no-undef
   88:10   warning  'verify4' is defined but never used     no-unused-vars
   90:30   warning  'act3_a' is not defined                 no-undef
   91:30   warning  'act3_R' is not defined                 no-undef
   92:30   warning  'act3_T1' is not defined                no-undef
  101:10   warning  'verify_values' is not defined          no-undef
  101:82   warning  'act3_a' is not defined                 no-undef
  105:10   warning  'verify_values' is not defined          no-undef
  105:82   warning  'act3_R' is not defined                 no-undef
  109:10   warning  'verify_values' is not defined          no-undef
  109:82   warning  'act3_R' is not defined                 no-undef
  113:10   warning  'verify_values' is not defined          no-undef
  113:82   warning  'act3_T1' is not defined                no-undef
  119:25   warning  'act3_a' is not defined                 no-undef
  121:25   warning  'act3_R' is not defined                 no-undef
  123:25   warning  'act3_H1' is not defined                no-undef
  125:25   warning  'act3_T1' is not defined                no-undef

/home/runner/work/exp-orifice-tank-iitb/exp-orifice-tank-iitb/experiment/simulation/js/data.js
   2:5  warning  'g' is assigned a value but never used        no-unused-vars
   4:5  warning  'D' is assigned a value but never used        no-unused-vars
   5:5  warning  'd' is assigned a value but never used        no-unused-vars
   6:5  warning  'H1' is assigned a value but never used       no-unused-vars
   7:5  warning  'H2' is assigned a value but never used       no-unused-vars
   8:5  warning  'cd' is assigned a value but never used       no-unused-vars
   9:5  warning  'A' is assigned a value but never used        no-unused-vars
  10:5  warning  'a' is assigned a value but never used        no-unused-vars
  11:5  warning  'T1' is assigned a value but never used       no-unused-vars
  12:5  warning  'T2' is assigned a value but never used       no-unused-vars
  14:5  warning  'act2_D' is assigned a value but never used   no-unused-vars
  15:5  warning  'act2_d' is assigned a value but never used   no-unused-vars
  16:5  warning  'act2_H1' is assigned a value but never used  no-unused-vars
  17:5  warning  'act2_H2' is assigned a value but never used  no-unused-vars
  18:5  warning  'act2_cd' is assigned a value but never used  no-unused-vars
  19:5  warning  'R' is assigned a value but never used        no-unused-vars
  20:5  warning  'act2_a' is assigned a value but never used   no-unused-vars
  21:5  warning  'act2_T1' is assigned a value but never used  no-unused-vars
  22:5  warning  'act2_T2' is assigned a value but never used  no-unused-vars
  24:5  warning  'act3_D' is assigned a value but never used   no-unused-vars
  25:5  warning  'act3_d' is assigned a value but never used   no-unused-vars
  26:5  warning  'act3_L' is assigned a value but never used   no-unused-vars
  27:5  warning  'act3_cd' is assigned a value but never used  no-unused-vars
  28:5  warning  'act3_a' is assigned a value but never used   no-unused-vars
  29:5  warning  'act3_R' is assigned a value but never used   no-unused-vars
  30:5  warning  'act3_H1' is assigned a value but never used  no-unused-vars
  31:5  warning  'act3_T1' is assigned a value but never used  no-unused-vars

✖ 229 problems (0 errors, 229 warnings)

